[$$]2014-09-01 16:01:04,807 INFO mosquito.Main [main] Running application with arguments : {}
[$$]2014-09-01 16:01:04,821 INFO mosquito.Main [main] Main modules init!
[$$]2014-09-01 16:01:16,615 INFO js_executor.JSContext [JSContext-4] Running JSContext-4
[$$]2014-09-01 16:01:16,616 INFO js_executor.JSContext [JSContext-5] Running JSContext-5
[$$]2014-09-01 16:01:16,624 INFO scheduled_tasks.ScheduledTaskCache [main] Uncaching scheduler tasks - start.
[$$]2014-09-01 16:01:16,623 INFO js_executor.JSExecutor [JSExecutor-3] Running JSExecutor with 2 threads
[$$]2014-09-01 16:01:16,622 INFO task_planner.Planner [Planner-2] Starting Planner.
[$$]2014-09-01 16:01:16,895 INFO scheduled_tasks.ScheduledTaskCache [main] Got 0 tasks.
[$$]2014-09-01 16:01:16,922 INFO scheduled_tasks.ScheduledTaskCache [main] Uncaching scheduler tasks - finish.
[$$]2014-09-01 16:01:16,927 INFO bmethods.BmethodCache [main] Uncaching bmethods - start.
[$$]2014-09-01 16:01:16,989 INFO bmethods.BmethodCache [main] Got 0 bmethods.
[$$]2014-09-01 16:01:16,993 INFO bmethods.BmethodCache [main] Uncached 0 bmethods.
[$$]2014-09-01 16:01:16,996 INFO bmethods.BmethodCache [main] Uncaching bmethods - finish.
[$$]2014-09-01 16:01:16,998 INFO mosquito.Main [main] Web tier init! with host=127.0.0.1, post=1337
[$$]2014-09-01 16:01:17,638 INFO mosquito.Main [main] Ready to go!
[$$]2014-09-01 16:03:41,358 INFO mosquito.Main [main] Running application with arguments : {}
[$$]2014-09-01 16:03:41,368 INFO mosquito.Main [main] Main modules init!
[$$]2014-09-01 16:03:50,766 INFO js_executor.JSContext [JSContext-4] Running JSContext-4
[$$]2014-09-01 16:03:50,766 INFO js_executor.JSContext [JSContext-5] Running JSContext-5
[$$]2014-09-01 16:03:50,775 INFO task_planner.Planner [Planner-2] Starting Planner.
[$$]2014-09-01 16:03:50,777 INFO scheduled_tasks.ScheduledTaskCache [main] Uncaching scheduler tasks - start.
[$$]2014-09-01 16:03:50,775 INFO js_executor.JSExecutor [JSExecutor-3] Running JSExecutor with 2 threads
[$$]2014-09-01 16:03:51,074 INFO scheduled_tasks.ScheduledTaskCache [main] Got 0 tasks.
[$$]2014-09-01 16:03:51,085 INFO scheduled_tasks.ScheduledTaskCache [main] Uncaching scheduler tasks - finish.
[$$]2014-09-01 16:03:51,088 INFO bmethods.BmethodCache [main] Uncaching bmethods - start.
[$$]2014-09-01 16:03:51,136 INFO bmethods.BmethodCache [main] Got 0 bmethods.
[$$]2014-09-01 16:03:51,139 INFO bmethods.BmethodCache [main] Uncached 0 bmethods.
[$$]2014-09-01 16:03:51,141 INFO bmethods.BmethodCache [main] Uncaching bmethods - finish.
[$$]2014-09-01 16:03:51,142 INFO mosquito.Main [main] Web tier init! with host=127.0.0.1, post=1337
[$$]2014-09-01 16:03:51,647 INFO mosquito.Main [main] Ready to go!
[$$]2014-09-01 16:04:22,599 INFO mosquito.Main [main] Running application with arguments : {}
[$$]2014-09-01 16:04:22,608 INFO mosquito.Main [main] Main modules init!
[$$]2014-09-01 16:04:31,849 INFO js_executor.JSContext [JSContext-4] Running JSContext-4
[$$]2014-09-01 16:04:31,850 INFO js_executor.JSContext [JSContext-5] Running JSContext-5
[$$]2014-09-01 16:04:31,859 INFO task_planner.Planner [Planner-2] Starting Planner.
[$$]2014-09-01 16:04:31,860 INFO scheduled_tasks.ScheduledTaskCache [main] Uncaching scheduler tasks - start.
[$$]2014-09-01 16:04:31,859 INFO js_executor.JSExecutor [JSExecutor-3] Running JSExecutor with 2 threads
[$$]2014-09-01 16:04:32,096 INFO scheduled_tasks.ScheduledTaskCache [main] Got 0 tasks.
[$$]2014-09-01 16:04:32,105 INFO scheduled_tasks.ScheduledTaskCache [main] Uncaching scheduler tasks - finish.
[$$]2014-09-01 16:04:32,109 INFO bmethods.BmethodCache [main] Uncaching bmethods - start.
[$$]2014-09-01 16:04:32,163 INFO bmethods.BmethodCache [main] Got 0 bmethods.
[$$]2014-09-01 16:04:32,166 INFO bmethods.BmethodCache [main] Uncached 0 bmethods.
[$$]2014-09-01 16:04:32,170 INFO bmethods.BmethodCache [main] Uncaching bmethods - finish.
[$$]2014-09-01 16:04:32,172 INFO mosquito.Main [main] Web tier init! with host=127.0.0.1, post=1337
[$$]2014-09-01 16:04:32,643 INFO mosquito.Main [main] Ready to go!
[$$]2014-09-01 16:05:16,189 INFO mosquito.Main [main] Running application with arguments : {}
[$$]2014-09-01 16:05:16,198 INFO mosquito.Main [main] Main modules init!
[$$]2014-09-01 16:05:25,557 INFO js_executor.JSContext [JSContext-4] Running JSContext-4
[$$]2014-09-01 16:05:25,557 INFO js_executor.JSContext [JSContext-5] Running JSContext-5
[$$]2014-09-01 16:05:25,563 INFO task_planner.Planner [Planner-2] Starting Planner.
[$$]2014-09-01 16:05:25,566 INFO js_executor.JSExecutor [JSExecutor-3] Running JSExecutor with 2 threads
[$$]2014-09-01 16:05:25,565 INFO scheduled_tasks.ScheduledTaskCache [main] Uncaching scheduler tasks - start.
[$$]2014-09-01 16:05:25,810 INFO scheduled_tasks.ScheduledTaskCache [main] Got 0 tasks.
[$$]2014-09-01 16:05:25,822 INFO scheduled_tasks.ScheduledTaskCache [main] Uncaching scheduler tasks - finish.
[$$]2014-09-01 16:05:25,827 INFO bmethods.BmethodCache [main] Uncaching bmethods - start.
[$$]2014-09-01 16:05:25,898 INFO bmethods.BmethodCache [main] Got 0 bmethods.
[$$]2014-09-01 16:05:25,902 INFO bmethods.BmethodCache [main] Uncached 0 bmethods.
[$$]2014-09-01 16:05:25,904 INFO bmethods.BmethodCache [main] Uncaching bmethods - finish.
[$$]2014-09-01 16:05:25,907 INFO mosquito.Main [main] Web tier init! with host=127.0.0.1, post=1337
[$$]2014-09-01 16:05:26,410 INFO mosquito.Main [main] Ready to go!
[$$]2014-09-01 16:09:00,119 INFO mosquito.Main [main] Running application with arguments : {}
[$$]2014-09-01 16:09:00,124 INFO mosquito.Main [main] Main modules init!
[$$]2014-09-01 16:09:12,084 INFO js_executor.JSContext [JSContext-5] Running JSContext-5
[$$]2014-09-01 16:09:12,083 INFO js_executor.JSContext [JSContext-4] Running JSContext-4
[$$]2014-09-01 16:09:12,095 INFO task_planner.Planner [Planner-2] Starting Planner.
[$$]2014-09-01 16:09:12,098 INFO scheduled_tasks.ScheduledTaskCache [main] Uncaching scheduler tasks - start.
[$$]2014-09-01 16:09:12,096 INFO js_executor.JSExecutor [JSExecutor-3] Running JSExecutor with 2 threads
[$$]2014-09-01 16:09:12,302 INFO scheduled_tasks.ScheduledTaskCache [main] Got 0 tasks.
[$$]2014-09-01 16:09:12,316 INFO scheduled_tasks.ScheduledTaskCache [main] Uncaching scheduler tasks - finish.
[$$]2014-09-01 16:09:12,323 INFO bmethods.BmethodCache [main] Uncaching bmethods - start.
[$$]2014-09-01 16:09:12,389 INFO bmethods.BmethodCache [main] Got 0 bmethods.
[$$]2014-09-01 16:09:12,395 INFO bmethods.BmethodCache [main] Uncached 0 bmethods.
[$$]2014-09-01 16:09:12,401 INFO bmethods.BmethodCache [main] Uncaching bmethods - finish.
[$$]2014-09-01 16:09:12,407 INFO mosquito.Main [main] Web tier init! with host=127.0.0.1, post=1337
[$$]2014-09-01 16:09:12,906 INFO mosquito.Main [main] Ready to go!
[$$]2014-09-01 16:30:21,288 INFO mosquito.Main [main] Running application with arguments : {}
[$$]2014-09-01 16:30:21,294 INFO mosquito.Main [main] Main modules init!
[$$]2014-09-01 16:30:29,891 INFO js_executor.JSContext [JSContext-4] Running JSContext-4
[$$]2014-09-01 16:30:29,891 INFO js_executor.JSContext [JSContext-5] Running JSContext-5
[$$]2014-09-01 16:30:29,898 INFO task_planner.Planner [Planner-2] Starting Planner.
[$$]2014-09-01 16:30:29,899 INFO scheduled_tasks.ScheduledTaskCache [main] Uncaching scheduler tasks - start.
[$$]2014-09-01 16:30:29,901 INFO js_executor.JSExecutor [JSExecutor-3] Running JSExecutor with 2 threads
[$$]2014-09-01 16:30:30,105 INFO scheduled_tasks.ScheduledTaskCache [main] Got 0 tasks.
[$$]2014-09-01 16:30:30,110 INFO scheduled_tasks.ScheduledTaskCache [main] Uncaching scheduler tasks - finish.
[$$]2014-09-01 16:30:30,112 INFO bmethods.BmethodCache [main] Uncaching bmethods - start.
[$$]2014-09-01 16:30:30,175 INFO bmethods.BmethodCache [main] Got 0 bmethods.
[$$]2014-09-01 16:30:30,177 INFO bmethods.BmethodCache [main] Uncached 0 bmethods.
[$$]2014-09-01 16:30:30,177 INFO bmethods.BmethodCache [main] Uncaching bmethods - finish.
[$$]2014-09-01 16:30:30,178 INFO mosquito.Main [main] Web tier init! with host=127.0.0.1, post=1337
[$$]2014-09-01 16:30:30,714 INFO mosquito.Main [main] Ready to go!
[$$]2014-09-01 17:03:24,650 INFO mosquito.Main [main] Running application with arguments : {}
[$$]2014-09-01 17:03:24,656 INFO mosquito.Main [main] Main modules init!
[$$]2014-09-01 17:03:33,900 INFO js_executor.JSContext [JSContext-4] Running JSContext-4
[$$]2014-09-01 17:03:33,900 INFO js_executor.JSContext [JSContext-5] Running JSContext-5
[$$]2014-09-01 17:03:33,906 INFO task_planner.Planner [Planner-2] Starting Planner.
[$$]2014-09-01 17:03:33,907 INFO scheduled_tasks.ScheduledTaskCache [main] Uncaching scheduler tasks - start.
[$$]2014-09-01 17:03:33,906 INFO js_executor.JSExecutor [JSExecutor-3] Running JSExecutor with 2 threads
[$$]2014-09-01 17:03:34,123 INFO scheduled_tasks.ScheduledTaskCache [main] Got 0 tasks.
[$$]2014-09-01 17:03:34,131 INFO scheduled_tasks.ScheduledTaskCache [main] Uncaching scheduler tasks - finish.
[$$]2014-09-01 17:03:34,134 INFO bmethods.BmethodCache [main] Uncaching bmethods - start.
[$$]2014-09-01 17:03:34,184 INFO bmethods.BmethodCache [main] Got 0 bmethods.
[$$]2014-09-01 17:03:34,187 INFO bmethods.BmethodCache [main] Uncached 0 bmethods.
[$$]2014-09-01 17:03:34,189 INFO bmethods.BmethodCache [main] Uncaching bmethods - finish.
[$$]2014-09-01 17:03:34,192 INFO mosquito.Main [main] Web tier init! with host=127.0.0.1, post=1337
[$$]2014-09-01 17:03:34,685 INFO mosquito.Main [main] Ready to go!
[$$]2014-09-15 17:10:22,494 INFO mosquito.Main [main] Running application with arguments : {}
[$$]2014-09-15 17:10:22,500 INFO mosquito.Main [main] Main modules init!
[$$]2014-09-15 17:10:31,871 INFO js_executor.JSContext [JSContext-4] Running JSContext-4
[$$]2014-09-15 17:10:31,871 INFO js_executor.JSContext [JSContext-5] Running JSContext-5
[$$]2014-09-15 17:10:31,879 INFO js_executor.JSExecutor [JSExecutor-3] Running JSExecutor with 2 threads
[$$]2014-09-15 17:10:31,878 INFO task_planner.Planner [Planner-2] Starting Planner.
[$$]2014-09-15 17:10:31,909 INFO scheduled_tasks.ScheduledTaskCache [main] Uncaching scheduler tasks - start.
[$$]2014-09-15 17:10:32,310 INFO scheduled_tasks.ScheduledTaskCache [main] Got 0 tasks.
[$$]2014-09-15 17:10:32,330 INFO scheduled_tasks.ScheduledTaskCache [main] Uncaching scheduler tasks - finish.
[$$]2014-09-15 17:10:32,343 INFO bmethods.BmethodCache [main] Uncaching bmethods - start.
[$$]2014-09-15 17:10:32,403 INFO bmethods.BmethodCache [main] Got 0 bmethods.
[$$]2014-09-15 17:10:32,407 INFO bmethods.BmethodCache [main] Uncached 0 bmethods.
[$$]2014-09-15 17:10:32,408 INFO bmethods.BmethodCache [main] Uncaching bmethods - finish.
[$$]2014-09-15 17:10:32,410 INFO mosquito.Main [main] Web tier init! with host=127.0.0.1, post=1337
[$$]2014-09-15 17:10:33,138 INFO mosquito.Main [main] Ready to go!
